{"timestamp": 1763402788.5633903, "tipo": "verificar_disponibilidad", "libro_usuario": {"codigo": "ISBN-001", "titulo": "Sistemas Distribuidos: Conceptos y Dise\u00f1o", "autor": "George Coulouris", "fecha_prestamo": "SedeA", "fecha_devolucion": "2025-12-01T13:06:16.541977"}}
{"timestamp": 1763402790.5685995, "tipo": "verificar_disponibilidad", "libro_usuario": {"codigo": "ISBN-004", "titulo": "Base de Datos Fundamentos", "autor": "Abraham Silberschatz", "fecha_prestamo": "SedeB", "fecha_devolucion": "2025-12-01T13:06:16.546715"}}
{"timestamp": 1763402792.5752194, "tipo": "verificar_disponibilidad", "libro_usuario": {"codigo": "ISBN-007", "titulo": "Ingenier\u00eda de Software", "autor": "Roger Pressman", "fecha_prestamo": "SedeA", "fecha_devolucion": "2025-12-01T13:06:16.549080"}}
{"timestamp": 1763402794.5937936, "tipo": "verificar_disponibilidad", "libro_usuario": {"codigo": "ISBN-010", "titulo": "El Programador Pragm\u00e1tico", "autor": "Andrew Hunt", "fecha_prestamo": "SedeB", "fecha_devolucion": "2025-12-01T13:06:16.553132"}}
{"timestamp": 1763402796.5992959, "tipo": "verificar_disponibilidad", "libro_usuario": {"codigo": "ISBN-013", "titulo": "Aprendizaje Autom\u00e1tico", "autor": "Tom Mitchell", "fecha_prestamo": "SedeA", "fecha_devolucion": "2025-12-01T13:06:16.557940"}}
{"timestamp": 1763402798.6032343, "tipo": "verificar_disponibilidad", "libro_usuario": {"codigo": "ISBN-016", "titulo": "Criptograf\u00eda Aplicada", "autor": "Bruce Schneier", "fecha_prestamo": "SedeB", "fecha_devolucion": "2025-12-01T13:06:16.560357"}}
{"timestamp": 1763402800.6104581, "tipo": "verificar_disponibilidad", "libro_usuario": {"codigo": "ISBN-019", "titulo": "C++ Programming Language", "autor": "Bjarne Stroustrup", "fecha_prestamo": "SedeA", "fecha_devolucion": "2025-12-01T13:06:16.561706"}}
{"timestamp": 1763402802.616646, "tipo": "verificar_disponibilidad", "libro_usuario": {"codigo": "ISBN-022", "titulo": "Arquitectura de Software", "autor": "Len Bass", "fecha_prestamo": "SedeB", "fecha_devolucion": "2025-12-01T13:06:16.563196"}}
{"timestamp": 1763402804.6225133, "tipo": "verificar_disponibilidad", "libro_usuario": {"codigo": "ISBN-025", "titulo": "Competencia de Algoritmos", "autor": "Steven Skiena", "fecha_prestamo": "SedeA", "fecha_devolucion": "2025-12-01T13:06:16.564834"}}
{"timestamp": 1763402806.6316502, "tipo": "verificar_disponibilidad", "libro_usuario": {"codigo": "ISBN-028", "titulo": "C\u00e1lculo Multivariable", "autor": "James Stewart", "fecha_prestamo": "SedeB", "fecha_devolucion": "2025-12-01T13:06:16.566759"}}
{"timestamp": 1763402808.6358404, "tipo": "verificar_disponibilidad", "libro_usuario": {"codigo": "ISBN-031", "titulo": "F\u00edsica para la Ciencia", "autor": "Tipler Mosca", "fecha_prestamo": "SedeA", "fecha_devolucion": "2025-12-01T13:06:16.569213"}}
{"timestamp": 1763402810.6410315, "tipo": "verificar_disponibilidad", "libro_usuario": {"codigo": "ISBN-034", "titulo": "Gen\u00e9tica Cl\u00e1sica", "autor": "Gregor Mendel", "fecha_prestamo": "SedeB", "fecha_devolucion": "2025-12-01T13:06:16.573819"}}
{"timestamp": 1763402812.644646, "tipo": "verificar_disponibilidad", "libro_usuario": {"codigo": "ISBN-037", "titulo": "Microbiolog\u00eda de Prescott", "autor": "Joanne Willey", "fecha_prestamo": "SedeA", "fecha_devolucion": "2025-12-01T13:06:16.577372"}}
{"timestamp": 1763402814.6485627, "tipo": "verificar_disponibilidad", "libro_usuario": {"codigo": "ISBN-040", "titulo": "Psicolog\u00eda Cognitiva", "autor": "Robert Sternberg", "fecha_prestamo": "SedeB", "fecha_devolucion": "2025-12-01T13:06:16.581729"}}
{"timestamp": 1763402816.6521804, "tipo": "verificar_disponibilidad", "libro_usuario": {"codigo": "ISBN-043", "titulo": "Filosof\u00eda de la Ciencia", "autor": "Thomas Kuhn", "fecha_prestamo": "SedeA", "fecha_devolucion": "2025-12-01T13:06:16.585195"}}
{"timestamp": 1763402818.6602354, "tipo": "verificar_disponibilidad", "libro_usuario": {"codigo": "ISBN-046", "titulo": "Derecho Inform\u00e1tico", "autor": "Juan Pav\u00f3n", "fecha_prestamo": "SedeB", "fecha_devolucion": "2025-12-01T13:06:16.589725"}}
{"timestamp": 1763402820.6660695, "tipo": "verificar_disponibilidad", "libro_usuario": {"codigo": "ISBN-049", "titulo": "Emprendimiento Tecnol\u00f3gico", "autor": "Steve Blank", "fecha_prestamo": "SedeA", "fecha_devolucion": "2025-12-01T13:06:16.595676"}}
{"timestamp": 1763404298.9883564, "tipo": "verificar_disponibilidad", "libro_usuario": {"codigo": "ISBN-001", "titulo": "Sistemas Distribuidos: Conceptos y Dise\u00f1o", "autor": "George Coulouris", "fecha_prestamo": "SedeA", "fecha_devolucion": "2025-12-01T13:31:36.981193"}}
{"timestamp": 1763404300.9952905, "tipo": "verificar_disponibilidad", "libro_usuario": {"codigo": "ISBN-004", "titulo": "Base de Datos Fundamentos", "autor": "Abraham Silberschatz", "fecha_prestamo": "SedeB", "fecha_devolucion": "2025-12-01T13:31:36.986278"}}
{"timestamp": 1763404302.9995341, "tipo": "verificar_disponibilidad", "libro_usuario": {"codigo": "ISBN-007", "titulo": "Ingenier\u00eda de Software", "autor": "Roger Pressman", "fecha_prestamo": "SedeA", "fecha_devolucion": "2025-12-01T13:31:36.993821"}}
{"timestamp": 1763404305.0050464, "tipo": "verificar_disponibilidad", "libro_usuario": {"codigo": "ISBN-010", "titulo": "El Programador Pragm\u00e1tico", "autor": "Andrew Hunt", "fecha_prestamo": "SedeB", "fecha_devolucion": "2025-12-01T13:31:36.996176"}}
{"timestamp": 1763404307.0123725, "tipo": "verificar_disponibilidad", "libro_usuario": {"codigo": "ISBN-013", "titulo": "Aprendizaje Autom\u00e1tico", "autor": "Tom Mitchell", "fecha_prestamo": "SedeA", "fecha_devolucion": "2025-12-01T13:31:36.997704"}}
{"timestamp": 1763404309.0180154, "tipo": "verificar_disponibilidad", "libro_usuario": {"codigo": "ISBN-016", "titulo": "Criptograf\u00eda Aplicada", "autor": "Bruce Schneier", "fecha_prestamo": "SedeB", "fecha_devolucion": "2025-12-01T13:31:36.999107"}}
{"timestamp": 1763404311.0240417, "tipo": "verificar_disponibilidad", "libro_usuario": {"codigo": "ISBN-019", "titulo": "C++ Programming Language", "autor": "Bjarne Stroustrup", "fecha_prestamo": "SedeA", "fecha_devolucion": "2025-12-01T13:31:37.000809"}}
{"timestamp": 1763404313.027879, "tipo": "verificar_disponibilidad", "libro_usuario": {"codigo": "ISBN-022", "titulo": "Arquitectura de Software", "autor": "Len Bass", "fecha_prestamo": "SedeB", "fecha_devolucion": "2025-12-01T13:31:37.002121"}}
{"timestamp": 1763404315.0329494, "tipo": "verificar_disponibilidad", "libro_usuario": {"codigo": "ISBN-025", "titulo": "Competencia de Algoritmos", "autor": "Steven Skiena", "fecha_prestamo": "SedeA", "fecha_devolucion": "2025-12-01T13:31:37.004890"}}
{"timestamp": 1763404317.0396461, "tipo": "verificar_disponibilidad", "libro_usuario": {"codigo": "ISBN-028", "titulo": "C\u00e1lculo Multivariable", "autor": "James Stewart", "fecha_prestamo": "SedeB", "fecha_devolucion": "2025-12-01T13:31:37.007666"}}
{"timestamp": 1763404319.0449939, "tipo": "verificar_disponibilidad", "libro_usuario": {"codigo": "ISBN-031", "titulo": "F\u00edsica para la Ciencia", "autor": "Tipler Mosca", "fecha_prestamo": "SedeA", "fecha_devolucion": "2025-12-01T13:31:37.009743"}}
{"timestamp": 1763404321.0508075, "tipo": "verificar_disponibilidad", "libro_usuario": {"codigo": "ISBN-034", "titulo": "Gen\u00e9tica Cl\u00e1sica", "autor": "Gregor Mendel", "fecha_prestamo": "SedeB", "fecha_devolucion": "2025-12-01T13:31:37.011450"}}
{"timestamp": 1763404323.058473, "tipo": "verificar_disponibilidad", "libro_usuario": {"codigo": "ISBN-037", "titulo": "Microbiolog\u00eda de Prescott", "autor": "Joanne Willey", "fecha_prestamo": "SedeA", "fecha_devolucion": "2025-12-01T13:31:37.012996"}}
{"timestamp": 1763404325.0646374, "tipo": "verificar_disponibilidad", "libro_usuario": {"codigo": "ISBN-040", "titulo": "Psicolog\u00eda Cognitiva", "autor": "Robert Sternberg", "fecha_prestamo": "SedeB", "fecha_devolucion": "2025-12-01T13:31:37.014581"}}
{"timestamp": 1763404327.070908, "tipo": "verificar_disponibilidad", "libro_usuario": {"codigo": "ISBN-043", "titulo": "Filosof\u00eda de la Ciencia", "autor": "Thomas Kuhn", "fecha_prestamo": "SedeA", "fecha_devolucion": "2025-12-01T13:31:37.016147"}}
{"timestamp": 1763404329.0775402, "tipo": "verificar_disponibilidad", "libro_usuario": {"codigo": "ISBN-046", "titulo": "Derecho Inform\u00e1tico", "autor": "Juan Pav\u00f3n", "fecha_prestamo": "SedeB", "fecha_devolucion": "2025-12-01T13:31:37.017844"}}
{"timestamp": 1763404331.0820286, "tipo": "verificar_disponibilidad", "libro_usuario": {"codigo": "ISBN-049", "titulo": "Emprendimiento Tecnol\u00f3gico", "autor": "Steve Blank", "fecha_prestamo": "SedeA", "fecha_devolucion": "2025-12-01T13:31:37.019525"}}
