{"operacion": "renovacion", "libro_usuario": {"codigo": "LIB0003", "titulo": "El amor en los tiempos del c\u00f3lera", "autor": "Gabriel Garc\u00eda M\u00e1rquez", "fecha_prestamo": "2025-11-17T16:28:42.345283", "fecha_devolucion": "2025-12-08T16:28:42.345291"}, "timestamp": 1763414922.3701277}
{"operacion": "renovacion", "libro_usuario": {"codigo": "LIB0010", "titulo": "El c\u00f3digo Da Vinci", "autor": "Dan Brown", "fecha_prestamo": "2025-11-17T16:28:42.378518", "fecha_devolucion": "2025-12-08T16:28:42.378526"}, "timestamp": 1763414922.4318883}
{"operacion": "renovacion", "libro_usuario": {"codigo": "LIB0033", "titulo": "En busca del tiempo perdido", "autor": "Marcel Proust", "fecha_prestamo": "2025-11-17T16:28:42.432710", "fecha_devolucion": "2025-12-08T16:28:42.432719"}, "timestamp": 1763414922.6189585}
{"operacion": "renovacion", "libro_usuario": {"codigo": "LIB0057", "titulo": "El sol tambi\u00e9n se levanta", "autor": "Ernest Hemingway", "fecha_prestamo": "2025-11-17T16:28:42.500837", "fecha_devolucion": "2025-12-08T16:28:42.500841"}, "timestamp": 1763414922.8043354}
{"operacion": "renovacion", "libro_usuario": {"codigo": "LIB0060", "titulo": "Al este del Ed\u00e9n", "autor": "John Steinbeck", "fecha_prestamo": "2025-11-17T16:28:42.505733", "fecha_devolucion": "2025-12-08T16:28:42.505775"}, "timestamp": 1763414922.8255672}
{"operacion": "renovacion", "libro_usuario": {"codigo": "LIB0060", "titulo": "Al este del Ed\u00e9n", "autor": "John Steinbeck", "fecha_prestamo": "2025-11-17T16:28:42.505733", "fecha_devolucion": "2025-12-08T16:28:42.505775"}, "timestamp": 1763414922.8282046}
{"operacion": "renovacion", "libro_usuario": {"codigo": "LIB0063", "titulo": "Lolita", "autor": "Vladimir Nabokov", "fecha_prestamo": "2025-11-17T16:28:42.512584", "fecha_devolucion": "2025-12-08T16:28:42.512592"}, "timestamp": 1763414922.8495085}
{"operacion": "renovacion", "libro_usuario": {"codigo": "LIB0067", "titulo": "La insoportable levedad del ser", "autor": "Milan Kundera", "fecha_prestamo": "2025-11-17T16:28:42.522726", "fecha_devolucion": "2025-12-08T16:28:42.522734"}, "timestamp": 1763414922.867975}
{"operacion": "renovacion", "libro_usuario": {"codigo": "LIB0083", "titulo": "La ca\u00edda", "autor": "Albert Camus", "fecha_prestamo": "2025-11-17T16:28:42.549361", "fecha_devolucion": "2025-12-08T16:28:42.549367"}, "timestamp": 1763414922.971418}
{"operacion": "renovacion", "libro_usuario": {"codigo": "LIB0090", "titulo": "El malentendido", "autor": "Albert Camus", "fecha_prestamo": "2025-11-17T16:28:42.558997", "fecha_devolucion": "2025-12-08T16:28:42.559002"}, "timestamp": 1763414923.0190208}
{"operacion": "renovacion", "libro_usuario": {"codigo": "LIB0097", "titulo": "Noches blancas", "autor": "Fi\u00f3dor Dostoyevski", "fecha_prestamo": "2025-11-17T16:28:42.573479", "fecha_devolucion": "2025-12-08T16:28:42.573482"}, "timestamp": 1763414923.107217}
{"operacion": "renovacion", "libro_usuario": {"codigo": "LIB0100", "titulo": "El eterno marido", "autor": "Fi\u00f3dor Dostoyevski", "fecha_prestamo": "2025-11-17T16:28:42.577442", "fecha_devolucion": "2025-12-08T16:28:42.577446"}, "timestamp": 1763414923.1227374}
{"operacion": "renovacion", "libro_usuario": {"codigo": "LIB0003", "titulo": "El amor en los tiempos del c\u00f3lera", "autor": "Gabriel Garc\u00eda M\u00e1rquez", "fecha_prestamo": "2025-11-17T16:31:07.755675", "fecha_devolucion": "2025-12-08T16:31:07.755680"}, "timestamp": 1763415067.770421}
{"operacion": "renovacion", "libro_usuario": {"codigo": "LIB0003", "titulo": "El amor en los tiempos del c\u00f3lera", "autor": "Gabriel Garc\u00eda M\u00e1rquez", "fecha_prestamo": "2025-11-17T16:31:07.755675", "fecha_devolucion": "2025-12-08T16:31:07.755680"}, "timestamp": 1763415067.772775}
{"operacion": "renovacion", "libro_usuario": {"codigo": "LIB0017", "titulo": "El alquimista", "autor": "Paulo Coelho", "fecha_prestamo": "2025-11-17T16:31:07.786942", "fecha_devolucion": "2025-12-08T16:31:07.786951"}, "timestamp": 1763415067.9063392}
{"operacion": "renovacion", "libro_usuario": {"codigo": "LIB0020", "titulo": "Pedro P\u00e1ramo", "autor": "Juan Rulfo", "fecha_prestamo": "2025-11-17T16:31:07.791319", "fecha_devolucion": "2025-12-08T16:31:07.791325"}, "timestamp": 1763415067.9458287}
{"operacion": "renovacion", "libro_usuario": {"codigo": "LIB0040", "titulo": "Otelo", "autor": "William Shakespeare", "fecha_prestamo": "2025-11-17T16:31:07.826121", "fecha_devolucion": "2025-12-08T16:31:07.826131"}, "timestamp": 1763415068.1672306}
{"operacion": "renovacion", "libro_usuario": {"codigo": "LIB0100", "titulo": "El eterno marido", "autor": "Fi\u00f3dor Dostoyevski", "fecha_prestamo": "2025-11-17T16:31:07.939736", "fecha_devolucion": "2025-12-08T16:31:07.939741"}, "timestamp": 1763415068.7745948}
{"operacion": "renovacion", "libro_usuario": {"codigo": "LIB0103", "titulo": "Los cosacos", "autor": "Le\u00f3n Tolst\u00f3i", "fecha_prestamo": "2025-11-17T16:31:07.945337", "fecha_devolucion": "2025-12-08T16:31:07.945345"}, "timestamp": 1763415068.800078}
{"operacion": "renovacion", "libro_usuario": {"codigo": "LIB0027", "titulo": "El extranjero", "autor": "Albert Camus", "fecha_prestamo": "2025-11-17T16:36:35.340989", "fecha_devolucion": "2025-12-08T16:36:35.340994"}, "timestamp": 1763415395.6916049}
{"operacion": "renovacion", "libro_usuario": {"codigo": "LIB0057", "titulo": "El sol tambi\u00e9n se levanta", "autor": "Ernest Hemingway", "fecha_prestamo": "2025-11-17T16:36:35.420704", "fecha_devolucion": "2025-12-08T16:36:35.420721"}, "timestamp": 1763415396.1350017}
{"operacion": "renovacion", "libro_usuario": {"codigo": "LIB0067", "titulo": "La insoportable levedad del ser", "autor": "Milan Kundera", "fecha_prestamo": "2025-11-17T16:36:35.439320", "fecha_devolucion": "2025-12-08T16:36:35.439326"}, "timestamp": 1763415396.318217}
{"operacion": "renovacion", "libro_usuario": {"codigo": "LIB0067", "titulo": "La insoportable levedad del ser", "autor": "Milan Kundera", "fecha_prestamo": "2025-11-17T16:36:35.439320", "fecha_devolucion": "2025-12-08T16:36:35.439326"}, "timestamp": 1763415396.3212416}
{"operacion": "renovacion", "libro_usuario": {"codigo": "LIB0077", "titulo": "La balsa de piedra", "autor": "Jos\u00e9 Saramago", "fecha_prestamo": "2025-11-17T16:36:35.466406", "fecha_devolucion": "2025-12-08T16:36:35.466413"}, "timestamp": 1763415396.4767532}
{"operacion": "renovacion", "libro_usuario": {"codigo": "LIB0083", "titulo": "La ca\u00edda", "autor": "Albert Camus", "fecha_prestamo": "2025-11-17T16:36:35.477457", "fecha_devolucion": "2025-12-08T16:36:35.477462"}, "timestamp": 1763415396.5911386}
{"operacion": "renovacion", "libro_usuario": {"codigo": "LIB0090", "titulo": "El malentendido", "autor": "Albert Camus", "fecha_prestamo": "2025-11-17T16:36:35.486325", "fecha_devolucion": "2025-12-08T16:36:35.486329"}, "timestamp": 1763415396.672369}
{"operacion": "renovacion", "libro_usuario": {"codigo": "LIB0100", "titulo": "El eterno marido", "autor": "Fi\u00f3dor Dostoyevski", "fecha_prestamo": "2025-11-17T16:36:35.501298", "fecha_devolucion": "2025-12-08T16:36:35.501302"}, "timestamp": 1763415396.8212674}
{"operacion": "renovacion", "libro_usuario": {"codigo": "LIB0110", "titulo": "El diablo", "autor": "Le\u00f3n Tolst\u00f3i", "fecha_prestamo": "2025-11-17T16:36:35.519250", "fecha_devolucion": "2025-12-08T16:36:35.519254"}, "timestamp": 1763415396.9731753}
{"operacion": "renovacion", "libro_usuario": {"codigo": "LIB0113", "titulo": "Finnegans Wake", "autor": "James Joyce", "fecha_prestamo": "2025-11-17T16:36:35.524566", "fecha_devolucion": "2025-12-08T16:36:35.524571"}, "timestamp": 1763415397.0140605}
