{"timestamp": 1763402788.5633903, "tipo": "verificar_disponibilidad", "libro_usuario": {"codigo": "ISBN-001", "titulo": "Sistemas Distribuidos: Conceptos y Dise\u00f1o", "autor": "George Coulouris", "fecha_prestamo": "SedeA", "fecha_devolucion": "2025-12-01T13:06:16.541977"}}
{"timestamp": 1763402790.5685995, "tipo": "verificar_disponibilidad", "libro_usuario": {"codigo": "ISBN-004", "titulo": "Base de Datos Fundamentos", "autor": "Abraham Silberschatz", "fecha_prestamo": "SedeB", "fecha_devolucion": "2025-12-01T13:06:16.546715"}}
{"timestamp": 1763402792.5752194, "tipo": "verificar_disponibilidad", "libro_usuario": {"codigo": "ISBN-007", "titulo": "Ingenier\u00eda de Software", "autor": "Roger Pressman", "fecha_prestamo": "SedeA", "fecha_devolucion": "2025-12-01T13:06:16.549080"}}
{"timestamp": 1763402794.5937936, "tipo": "verificar_disponibilidad", "libro_usuario": {"codigo": "ISBN-010", "titulo": "El Programador Pragm\u00e1tico", "autor": "Andrew Hunt", "fecha_prestamo": "SedeB", "fecha_devolucion": "2025-12-01T13:06:16.553132"}}
{"timestamp": 1763402796.5992959, "tipo": "verificar_disponibilidad", "libro_usuario": {"codigo": "ISBN-013", "titulo": "Aprendizaje Autom\u00e1tico", "autor": "Tom Mitchell", "fecha_prestamo": "SedeA", "fecha_devolucion": "2025-12-01T13:06:16.557940"}}
{"timestamp": 1763402798.6032343, "tipo": "verificar_disponibilidad", "libro_usuario": {"codigo": "ISBN-016", "titulo": "Criptograf\u00eda Aplicada", "autor": "Bruce Schneier", "fecha_prestamo": "SedeB", "fecha_devolucion": "2025-12-01T13:06:16.560357"}}
{"timestamp": 1763402800.6104581, "tipo": "verificar_disponibilidad", "libro_usuario": {"codigo": "ISBN-019", "titulo": "C++ Programming Language", "autor": "Bjarne Stroustrup", "fecha_prestamo": "SedeA", "fecha_devolucion": "2025-12-01T13:06:16.561706"}}
{"timestamp": 1763402802.616646, "tipo": "verificar_disponibilidad", "libro_usuario": {"codigo": "ISBN-022", "titulo": "Arquitectura de Software", "autor": "Len Bass", "fecha_prestamo": "SedeB", "fecha_devolucion": "2025-12-01T13:06:16.563196"}}
{"timestamp": 1763402804.6225133, "tipo": "verificar_disponibilidad", "libro_usuario": {"codigo": "ISBN-025", "titulo": "Competencia de Algoritmos", "autor": "Steven Skiena", "fecha_prestamo": "SedeA", "fecha_devolucion": "2025-12-01T13:06:16.564834"}}
{"timestamp": 1763402806.6316502, "tipo": "verificar_disponibilidad", "libro_usuario": {"codigo": "ISBN-028", "titulo": "C\u00e1lculo Multivariable", "autor": "James Stewart", "fecha_prestamo": "SedeB", "fecha_devolucion": "2025-12-01T13:06:16.566759"}}
{"timestamp": 1763402808.6358404, "tipo": "verificar_disponibilidad", "libro_usuario": {"codigo": "ISBN-031", "titulo": "F\u00edsica para la Ciencia", "autor": "Tipler Mosca", "fecha_prestamo": "SedeA", "fecha_devolucion": "2025-12-01T13:06:16.569213"}}
{"timestamp": 1763402810.6410315, "tipo": "verificar_disponibilidad", "libro_usuario": {"codigo": "ISBN-034", "titulo": "Gen\u00e9tica Cl\u00e1sica", "autor": "Gregor Mendel", "fecha_prestamo": "SedeB", "fecha_devolucion": "2025-12-01T13:06:16.573819"}}
{"timestamp": 1763402812.644646, "tipo": "verificar_disponibilidad", "libro_usuario": {"codigo": "ISBN-037", "titulo": "Microbiolog\u00eda de Prescott", "autor": "Joanne Willey", "fecha_prestamo": "SedeA", "fecha_devolucion": "2025-12-01T13:06:16.577372"}}
{"timestamp": 1763402814.6485627, "tipo": "verificar_disponibilidad", "libro_usuario": {"codigo": "ISBN-040", "titulo": "Psicolog\u00eda Cognitiva", "autor": "Robert Sternberg", "fecha_prestamo": "SedeB", "fecha_devolucion": "2025-12-01T13:06:16.581729"}}
{"timestamp": 1763402816.6521804, "tipo": "verificar_disponibilidad", "libro_usuario": {"codigo": "ISBN-043", "titulo": "Filosof\u00eda de la Ciencia", "autor": "Thomas Kuhn", "fecha_prestamo": "SedeA", "fecha_devolucion": "2025-12-01T13:06:16.585195"}}
{"timestamp": 1763402818.6602354, "tipo": "verificar_disponibilidad", "libro_usuario": {"codigo": "ISBN-046", "titulo": "Derecho Inform\u00e1tico", "autor": "Juan Pav\u00f3n", "fecha_prestamo": "SedeB", "fecha_devolucion": "2025-12-01T13:06:16.589725"}}
{"timestamp": 1763402820.6660695, "tipo": "verificar_disponibilidad", "libro_usuario": {"codigo": "ISBN-049", "titulo": "Emprendimiento Tecnol\u00f3gico", "autor": "Steve Blank", "fecha_prestamo": "SedeA", "fecha_devolucion": "2025-12-01T13:06:16.595676"}}
{"timestamp": 1763404298.9883564, "tipo": "verificar_disponibilidad", "libro_usuario": {"codigo": "ISBN-001", "titulo": "Sistemas Distribuidos: Conceptos y Dise\u00f1o", "autor": "George Coulouris", "fecha_prestamo": "SedeA", "fecha_devolucion": "2025-12-01T13:31:36.981193"}}
{"timestamp": 1763404300.9952905, "tipo": "verificar_disponibilidad", "libro_usuario": {"codigo": "ISBN-004", "titulo": "Base de Datos Fundamentos", "autor": "Abraham Silberschatz", "fecha_prestamo": "SedeB", "fecha_devolucion": "2025-12-01T13:31:36.986278"}}
{"timestamp": 1763404302.9995341, "tipo": "verificar_disponibilidad", "libro_usuario": {"codigo": "ISBN-007", "titulo": "Ingenier\u00eda de Software", "autor": "Roger Pressman", "fecha_prestamo": "SedeA", "fecha_devolucion": "2025-12-01T13:31:36.993821"}}
{"timestamp": 1763404305.0050464, "tipo": "verificar_disponibilidad", "libro_usuario": {"codigo": "ISBN-010", "titulo": "El Programador Pragm\u00e1tico", "autor": "Andrew Hunt", "fecha_prestamo": "SedeB", "fecha_devolucion": "2025-12-01T13:31:36.996176"}}
{"timestamp": 1763404307.0123725, "tipo": "verificar_disponibilidad", "libro_usuario": {"codigo": "ISBN-013", "titulo": "Aprendizaje Autom\u00e1tico", "autor": "Tom Mitchell", "fecha_prestamo": "SedeA", "fecha_devolucion": "2025-12-01T13:31:36.997704"}}
{"timestamp": 1763404309.0180154, "tipo": "verificar_disponibilidad", "libro_usuario": {"codigo": "ISBN-016", "titulo": "Criptograf\u00eda Aplicada", "autor": "Bruce Schneier", "fecha_prestamo": "SedeB", "fecha_devolucion": "2025-12-01T13:31:36.999107"}}
{"timestamp": 1763404311.0240417, "tipo": "verificar_disponibilidad", "libro_usuario": {"codigo": "ISBN-019", "titulo": "C++ Programming Language", "autor": "Bjarne Stroustrup", "fecha_prestamo": "SedeA", "fecha_devolucion": "2025-12-01T13:31:37.000809"}}
{"timestamp": 1763404313.027879, "tipo": "verificar_disponibilidad", "libro_usuario": {"codigo": "ISBN-022", "titulo": "Arquitectura de Software", "autor": "Len Bass", "fecha_prestamo": "SedeB", "fecha_devolucion": "2025-12-01T13:31:37.002121"}}
{"timestamp": 1763404315.0329494, "tipo": "verificar_disponibilidad", "libro_usuario": {"codigo": "ISBN-025", "titulo": "Competencia de Algoritmos", "autor": "Steven Skiena", "fecha_prestamo": "SedeA", "fecha_devolucion": "2025-12-01T13:31:37.004890"}}
{"timestamp": 1763404317.0396461, "tipo": "verificar_disponibilidad", "libro_usuario": {"codigo": "ISBN-028", "titulo": "C\u00e1lculo Multivariable", "autor": "James Stewart", "fecha_prestamo": "SedeB", "fecha_devolucion": "2025-12-01T13:31:37.007666"}}
{"timestamp": 1763404319.0449939, "tipo": "verificar_disponibilidad", "libro_usuario": {"codigo": "ISBN-031", "titulo": "F\u00edsica para la Ciencia", "autor": "Tipler Mosca", "fecha_prestamo": "SedeA", "fecha_devolucion": "2025-12-01T13:31:37.009743"}}
{"timestamp": 1763404321.0508075, "tipo": "verificar_disponibilidad", "libro_usuario": {"codigo": "ISBN-034", "titulo": "Gen\u00e9tica Cl\u00e1sica", "autor": "Gregor Mendel", "fecha_prestamo": "SedeB", "fecha_devolucion": "2025-12-01T13:31:37.011450"}}
{"timestamp": 1763404323.058473, "tipo": "verificar_disponibilidad", "libro_usuario": {"codigo": "ISBN-037", "titulo": "Microbiolog\u00eda de Prescott", "autor": "Joanne Willey", "fecha_prestamo": "SedeA", "fecha_devolucion": "2025-12-01T13:31:37.012996"}}
{"timestamp": 1763404325.0646374, "tipo": "verificar_disponibilidad", "libro_usuario": {"codigo": "ISBN-040", "titulo": "Psicolog\u00eda Cognitiva", "autor": "Robert Sternberg", "fecha_prestamo": "SedeB", "fecha_devolucion": "2025-12-01T13:31:37.014581"}}
{"timestamp": 1763404327.070908, "tipo": "verificar_disponibilidad", "libro_usuario": {"codigo": "ISBN-043", "titulo": "Filosof\u00eda de la Ciencia", "autor": "Thomas Kuhn", "fecha_prestamo": "SedeA", "fecha_devolucion": "2025-12-01T13:31:37.016147"}}
{"timestamp": 1763404329.0775402, "tipo": "verificar_disponibilidad", "libro_usuario": {"codigo": "ISBN-046", "titulo": "Derecho Inform\u00e1tico", "autor": "Juan Pav\u00f3n", "fecha_prestamo": "SedeB", "fecha_devolucion": "2025-12-01T13:31:37.017844"}}
{"timestamp": 1763404331.0820286, "tipo": "verificar_disponibilidad", "libro_usuario": {"codigo": "ISBN-049", "titulo": "Emprendimiento Tecnol\u00f3gico", "autor": "Steve Blank", "fecha_prestamo": "SedeA", "fecha_devolucion": "2025-12-01T13:31:37.019525"}}
{"timestamp": 1763414922.3563852, "tipo": "prestamo", "libro_usuario": {"codigo": "LIB0001", "titulo": "Cien a\u00f1os de soledad", "autor": "Gabriel Garc\u00eda M\u00e1rquez", "fecha_prestamo": "2025-11-17T16:28:42.339455", "fecha_devolucion": "2025-12-01T16:28:42.339534"}}
{"timestamp": 1763414922.7424014, "tipo": "prestamo", "libro_usuario": {"codigo": "LIB0019", "titulo": "Rayuela", "autor": "Julio Cort\u00e1zar", "fecha_prestamo": "2025-11-17T16:28:42.397502", "fecha_devolucion": "2025-12-01T16:28:42.397522"}}
{"timestamp": 1763414922.7429998, "tipo": "prestamo", "libro_usuario": {"codigo": "LIB0019", "titulo": "Rayuela", "autor": "Julio Cort\u00e1zar", "fecha_prestamo": "2025-11-17T16:28:42.397502", "fecha_devolucion": "2025-12-01T16:28:42.397522"}}
{"timestamp": 1763414922.7436106, "tipo": "prestamo", "libro_usuario": {"codigo": "LIB0019", "titulo": "Rayuela", "autor": "Julio Cort\u00e1zar", "fecha_prestamo": "2025-11-17T16:28:42.397502", "fecha_devolucion": "2025-12-01T16:28:42.397522"}}
{"timestamp": 1763414922.7918177, "tipo": "prestamo", "libro_usuario": {"codigo": "LIB0021", "titulo": "Ficciones", "autor": "Jorge Luis Borges", "fecha_prestamo": "2025-11-17T16:28:42.402487", "fecha_devolucion": "2025-12-01T16:28:42.402493"}}
{"timestamp": 1763414922.8380423, "tipo": "prestamo", "libro_usuario": {"codigo": "LIB0023", "titulo": "Los detectives salvajes", "autor": "Roberto Bola\u00f1o", "fecha_prestamo": "2025-11-17T16:28:42.405391", "fecha_devolucion": "2025-12-01T16:28:42.405400"}}
{"timestamp": 1763414922.8387625, "tipo": "prestamo", "libro_usuario": {"codigo": "LIB0023", "titulo": "Los detectives salvajes", "autor": "Roberto Bola\u00f1o", "fecha_prestamo": "2025-11-17T16:28:42.405391", "fecha_devolucion": "2025-12-01T16:28:42.405400"}}
{"timestamp": 1763414922.9108386, "tipo": "prestamo", "libro_usuario": {"codigo": "LIB0029", "titulo": "Los miserables", "autor": "Victor Hugo", "fecha_prestamo": "2025-11-17T16:28:42.420958", "fecha_devolucion": "2025-12-01T16:28:42.420968"}}
{"timestamp": 1763414922.9112241, "tipo": "prestamo", "libro_usuario": {"codigo": "LIB0029", "titulo": "Los miserables", "autor": "Victor Hugo", "fecha_prestamo": "2025-11-17T16:28:42.420958", "fecha_devolucion": "2025-12-01T16:28:42.420968"}}
{"timestamp": 1763414922.9129179, "tipo": "prestamo", "libro_usuario": {"codigo": "LIB0029", "titulo": "Los miserables", "autor": "Victor Hugo", "fecha_prestamo": "2025-11-17T16:28:42.420958", "fecha_devolucion": "2025-12-01T16:28:42.420968"}}
{"timestamp": 1763414923.2763798, "tipo": "prestamo", "libro_usuario": {"codigo": "LIB0044", "titulo": "Un mundo feliz", "autor": "Aldous Huxley", "fecha_prestamo": "2025-11-17T16:28:42.471082", "fecha_devolucion": "2025-12-01T16:28:42.471089"}}
{"timestamp": 1763414923.2916222, "tipo": "prestamo", "libro_usuario": {"codigo": "LIB0046", "titulo": "Lo que el viento se llev\u00f3", "autor": "Margaret Mitchell", "fecha_prestamo": "2025-11-17T16:28:42.474991", "fecha_devolucion": "2025-12-01T16:28:42.474999"}}
{"timestamp": 1763414923.292798, "tipo": "prestamo", "libro_usuario": {"codigo": "LIB0046", "titulo": "Lo que el viento se llev\u00f3", "autor": "Margaret Mitchell", "fecha_prestamo": "2025-11-17T16:28:42.474991", "fecha_devolucion": "2025-12-01T16:28:42.474999"}}
{"timestamp": 1763414923.3428266, "tipo": "prestamo", "libro_usuario": {"codigo": "LIB0051", "titulo": "Cumbres borrascosas", "autor": "Emily Bront\u00eb", "fecha_prestamo": "2025-11-17T16:28:42.487567", "fecha_devolucion": "2025-12-01T16:28:42.487574"}}
{"timestamp": 1763414923.3513393, "tipo": "prestamo", "libro_usuario": {"codigo": "LIB0054", "titulo": "Moby Dick", "autor": "Herman Melville", "fecha_prestamo": "2025-11-17T16:28:42.493962", "fecha_devolucion": "2025-12-01T16:28:42.494170"}}
{"timestamp": 1763414923.3517618, "tipo": "prestamo", "libro_usuario": {"codigo": "LIB0054", "titulo": "Moby Dick", "autor": "Herman Melville", "fecha_prestamo": "2025-11-17T16:28:42.493962", "fecha_devolucion": "2025-12-01T16:28:42.494170"}}
{"timestamp": 1763414923.395066, "tipo": "prestamo", "libro_usuario": {"codigo": "LIB0061", "titulo": "El ruido y la furia", "autor": "William Faulkner", "fecha_prestamo": "2025-11-17T16:28:42.508020", "fecha_devolucion": "2025-12-01T16:28:42.508025"}}
{"timestamp": 1763414923.4250333, "tipo": "prestamo", "libro_usuario": {"codigo": "LIB0066", "titulo": "El p\u00e9ndulo de Foucault", "autor": "Umberto Eco", "fecha_prestamo": "2025-11-17T16:28:42.520791", "fecha_devolucion": "2025-12-01T16:28:42.520798"}}
{"timestamp": 1763414923.4519653, "tipo": "prestamo", "libro_usuario": {"codigo": "LIB0071", "titulo": "El evangelio seg\u00fan Jesucristo", "autor": "Jos\u00e9 Saramago", "fecha_prestamo": "2025-11-17T16:28:42.530957", "fecha_devolucion": "2025-12-01T16:28:42.530974"}}
{"timestamp": 1763414923.5404887, "tipo": "prestamo", "libro_usuario": {"codigo": "LIB0084", "titulo": "El hombre rebelde", "autor": "Albert Camus", "fecha_prestamo": "2025-11-17T16:28:42.550648", "fecha_devolucion": "2025-12-01T16:28:42.550652"}}
{"timestamp": 1763414923.5600774, "tipo": "prestamo", "libro_usuario": {"codigo": "LIB0089", "titulo": "Estado de sitio", "autor": "Albert Camus", "fecha_prestamo": "2025-11-17T16:28:42.557497", "fecha_devolucion": "2025-12-01T16:28:42.557501"}}
{"timestamp": 1763414923.560537, "tipo": "prestamo", "libro_usuario": {"codigo": "LIB0089", "titulo": "Estado de sitio", "autor": "Albert Camus", "fecha_prestamo": "2025-11-17T16:28:42.557497", "fecha_devolucion": "2025-12-01T16:28:42.557501"}}
{"timestamp": 1763414923.5999207, "tipo": "prestamo", "libro_usuario": {"codigo": "LIB0096", "titulo": "Pobres gentes", "autor": "Fi\u00f3dor Dostoyevski", "fecha_prestamo": "2025-11-17T16:28:42.572178", "fecha_devolucion": "2025-12-01T16:28:42.572184"}}
{"timestamp": 1763414923.6086798, "tipo": "prestamo", "libro_usuario": {"codigo": "LIB0099", "titulo": "Humillados y ofendidos", "autor": "Fi\u00f3dor Dostoyevski", "fecha_prestamo": "2025-11-17T16:28:42.576130", "fecha_devolucion": "2025-12-01T16:28:42.576134"}}
{"timestamp": 1763414923.6089816, "tipo": "prestamo", "libro_usuario": {"codigo": "LIB0099", "titulo": "Humillados y ofendidos", "autor": "Fi\u00f3dor Dostoyevski", "fecha_prestamo": "2025-11-17T16:28:42.576130", "fecha_devolucion": "2025-12-01T16:28:42.576134"}}
{"timestamp": 1763414923.6743479, "tipo": "prestamo", "libro_usuario": {"codigo": "LIB0109", "titulo": "Sebastopol", "autor": "Le\u00f3n Tolst\u00f3i", "fecha_prestamo": "2025-11-17T16:28:42.590285", "fecha_devolucion": "2025-12-01T16:28:42.590291"}}
{"timestamp": 1763414923.6754148, "tipo": "prestamo", "libro_usuario": {"codigo": "LIB0109", "titulo": "Sebastopol", "autor": "Le\u00f3n Tolst\u00f3i", "fecha_prestamo": "2025-11-17T16:28:42.590285", "fecha_devolucion": "2025-12-01T16:28:42.590291"}}
{"timestamp": 1763414923.7044194, "tipo": "prestamo", "libro_usuario": {"codigo": "LIB0114", "titulo": "Exiliados", "autor": "James Joyce", "fecha_prestamo": "2025-11-17T16:28:42.599093", "fecha_devolucion": "2025-12-01T16:28:42.599103"}}
{"timestamp": 1763414923.7049716, "tipo": "prestamo", "libro_usuario": {"codigo": "LIB0114", "titulo": "Exiliados", "autor": "James Joyce", "fecha_prestamo": "2025-11-17T16:28:42.599093", "fecha_devolucion": "2025-12-01T16:28:42.599103"}}
{"timestamp": 1763415067.9242766, "tipo": "prestamo", "libro_usuario": {"codigo": "LIB0009", "titulo": "Harry Potter y la piedra filosofal", "autor": "J.K. Rowling", "fecha_prestamo": "2025-11-17T16:31:07.771547", "fecha_devolucion": "2025-12-01T16:31:07.771589"}}
{"timestamp": 1763415067.9250987, "tipo": "prestamo", "libro_usuario": {"codigo": "LIB0009", "titulo": "Harry Potter y la piedra filosofal", "autor": "J.K. Rowling", "fecha_prestamo": "2025-11-17T16:31:07.771547", "fecha_devolucion": "2025-12-01T16:31:07.771589"}}
{"timestamp": 1763415068.0058527, "tipo": "prestamo", "libro_usuario": {"codigo": "LIB0011", "titulo": "Los juegos del hambre", "autor": "Suzanne Collins", "fecha_prestamo": "2025-11-17T16:31:07.774971", "fecha_devolucion": "2025-12-01T16:31:07.774976"}}
{"timestamp": 1763415068.006119, "tipo": "prestamo", "libro_usuario": {"codigo": "LIB0011", "titulo": "Los juegos del hambre", "autor": "Suzanne Collins", "fecha_prestamo": "2025-11-17T16:31:07.774971", "fecha_devolucion": "2025-12-01T16:31:07.774976"}}
{"timestamp": 1763415068.0065696, "tipo": "prestamo", "libro_usuario": {"codigo": "LIB0011", "titulo": "Los juegos del hambre", "autor": "Suzanne Collins", "fecha_prestamo": "2025-11-17T16:31:07.774971", "fecha_devolucion": "2025-12-01T16:31:07.774976"}}
{"timestamp": 1763415068.007214, "tipo": "prestamo", "libro_usuario": {"codigo": "LIB0011", "titulo": "Los juegos del hambre", "autor": "Suzanne Collins", "fecha_prestamo": "2025-11-17T16:31:07.774971", "fecha_devolucion": "2025-12-01T16:31:07.774976"}}
{"timestamp": 1763415068.0724773, "tipo": "prestamo", "libro_usuario": {"codigo": "LIB0014", "titulo": "El se\u00f1or de los anillos", "autor": "J.R.R. Tolkien", "fecha_prestamo": "2025-11-17T16:31:07.782592", "fecha_devolucion": "2025-12-01T16:31:07.782600"}}
{"timestamp": 1763415068.0731196, "tipo": "prestamo", "libro_usuario": {"codigo": "LIB0014", "titulo": "El se\u00f1or de los anillos", "autor": "J.R.R. Tolkien", "fecha_prestamo": "2025-11-17T16:31:07.782592", "fecha_devolucion": "2025-12-01T16:31:07.782600"}}
{"timestamp": 1763415068.0761127, "tipo": "prestamo", "libro_usuario": {"codigo": "LIB0014", "titulo": "El se\u00f1or de los anillos", "autor": "J.R.R. Tolkien", "fecha_prestamo": "2025-11-17T16:31:07.782592", "fecha_devolucion": "2025-12-01T16:31:07.782600"}}
{"timestamp": 1763415068.0764213, "tipo": "prestamo", "libro_usuario": {"codigo": "LIB0014", "titulo": "El se\u00f1or de los anillos", "autor": "J.R.R. Tolkien", "fecha_prestamo": "2025-11-17T16:31:07.782592", "fecha_devolucion": "2025-12-01T16:31:07.782600"}}
{"timestamp": 1763415068.0783885, "tipo": "prestamo", "libro_usuario": {"codigo": "LIB0014", "titulo": "El se\u00f1or de los anillos", "autor": "J.R.R. Tolkien", "fecha_prestamo": "2025-11-17T16:31:07.782592", "fecha_devolucion": "2025-12-01T16:31:07.782600"}}
{"timestamp": 1763415068.2655382, "tipo": "prestamo", "libro_usuario": {"codigo": "LIB0026", "titulo": "La metamorfosis", "autor": "Franz Kafka", "fecha_prestamo": "2025-11-17T16:31:07.801725", "fecha_devolucion": "2025-12-01T16:31:07.801731"}}
{"timestamp": 1763415068.2663343, "tipo": "prestamo", "libro_usuario": {"codigo": "LIB0026", "titulo": "La metamorfosis", "autor": "Franz Kafka", "fecha_prestamo": "2025-11-17T16:31:07.801725", "fecha_devolucion": "2025-12-01T16:31:07.801731"}}
{"timestamp": 1763415068.4456718, "tipo": "prestamo", "libro_usuario": {"codigo": "LIB0036", "titulo": "La divina comedia", "autor": "Dante Alighieri", "fecha_prestamo": "2025-11-17T16:31:07.820056", "fecha_devolucion": "2025-12-01T16:31:07.820061"}}
{"timestamp": 1763415068.4463391, "tipo": "prestamo", "libro_usuario": {"codigo": "LIB0036", "titulo": "La divina comedia", "autor": "Dante Alighieri", "fecha_prestamo": "2025-11-17T16:31:07.820056", "fecha_devolucion": "2025-12-01T16:31:07.820061"}}
{"timestamp": 1763415068.44678, "tipo": "prestamo", "libro_usuario": {"codigo": "LIB0036", "titulo": "La divina comedia", "autor": "Dante Alighieri", "fecha_prestamo": "2025-11-17T16:31:07.820056", "fecha_devolucion": "2025-12-01T16:31:07.820061"}}
{"timestamp": 1763415068.4471946, "tipo": "prestamo", "libro_usuario": {"codigo": "LIB0036", "titulo": "La divina comedia", "autor": "Dante Alighieri", "fecha_prestamo": "2025-11-17T16:31:07.820056", "fecha_devolucion": "2025-12-01T16:31:07.820061"}}
{"timestamp": 1763415068.4478087, "tipo": "prestamo", "libro_usuario": {"codigo": "LIB0036", "titulo": "La divina comedia", "autor": "Dante Alighieri", "fecha_prestamo": "2025-11-17T16:31:07.820056", "fecha_devolucion": "2025-12-01T16:31:07.820061"}}
{"timestamp": 1763415068.53119, "tipo": "prestamo", "libro_usuario": {"codigo": "LIB0039", "titulo": "Romeo y Julieta", "autor": "William Shakespeare", "fecha_prestamo": "2025-11-17T16:31:07.824394", "fecha_devolucion": "2025-12-01T16:31:07.824401"}}
{"timestamp": 1763415068.5319004, "tipo": "prestamo", "libro_usuario": {"codigo": "LIB0039", "titulo": "Romeo y Julieta", "autor": "William Shakespeare", "fecha_prestamo": "2025-11-17T16:31:07.824394", "fecha_devolucion": "2025-12-01T16:31:07.824401"}}
{"timestamp": 1763415068.613684, "tipo": "prestamo", "libro_usuario": {"codigo": "LIB0041", "titulo": "El guardi\u00e1n entre el centeno", "autor": "J.D. Salinger", "fecha_prestamo": "2025-11-17T16:31:07.828453", "fecha_devolucion": "2025-12-01T16:31:07.828461"}}
{"timestamp": 1763415068.614215, "tipo": "prestamo", "libro_usuario": {"codigo": "LIB0041", "titulo": "El guardi\u00e1n entre el centeno", "autor": "J.D. Salinger", "fecha_prestamo": "2025-11-17T16:31:07.828453", "fecha_devolucion": "2025-12-01T16:31:07.828461"}}
{"timestamp": 1763415068.6154206, "tipo": "prestamo", "libro_usuario": {"codigo": "LIB0041", "titulo": "El guardi\u00e1n entre el centeno", "autor": "J.D. Salinger", "fecha_prestamo": "2025-11-17T16:31:07.828453", "fecha_devolucion": "2025-12-01T16:31:07.828461"}}
{"timestamp": 1763415068.6166685, "tipo": "prestamo", "libro_usuario": {"codigo": "LIB0041", "titulo": "El guardi\u00e1n entre el centeno", "autor": "J.D. Salinger", "fecha_prestamo": "2025-11-17T16:31:07.828453", "fecha_devolucion": "2025-12-01T16:31:07.828461"}}
{"timestamp": 1763415068.6175163, "tipo": "prestamo", "libro_usuario": {"codigo": "LIB0041", "titulo": "El guardi\u00e1n entre el centeno", "autor": "J.D. Salinger", "fecha_prestamo": "2025-11-17T16:31:07.828453", "fecha_devolucion": "2025-12-01T16:31:07.828461"}}
{"timestamp": 1763415068.7479062, "tipo": "prestamo", "libro_usuario": {"codigo": "LIB0049", "titulo": "Frankenstein", "autor": "Mary Shelley", "fecha_prestamo": "2025-11-17T16:31:07.845732", "fecha_devolucion": "2025-12-01T16:31:07.845774"}}
{"timestamp": 1763415068.7483196, "tipo": "prestamo", "libro_usuario": {"codigo": "LIB0049", "titulo": "Frankenstein", "autor": "Mary Shelley", "fecha_prestamo": "2025-11-17T16:31:07.845732", "fecha_devolucion": "2025-12-01T16:31:07.845774"}}
{"timestamp": 1763415068.7492003, "tipo": "prestamo", "libro_usuario": {"codigo": "LIB0049", "titulo": "Frankenstein", "autor": "Mary Shelley", "fecha_prestamo": "2025-11-17T16:31:07.845732", "fecha_devolucion": "2025-12-01T16:31:07.845774"}}
{"timestamp": 1763415068.750176, "tipo": "prestamo", "libro_usuario": {"codigo": "LIB0049", "titulo": "Frankenstein", "autor": "Mary Shelley", "fecha_prestamo": "2025-11-17T16:31:07.845732", "fecha_devolucion": "2025-12-01T16:31:07.845774"}}
{"timestamp": 1763415068.750774, "tipo": "prestamo", "libro_usuario": {"codigo": "LIB0049", "titulo": "Frankenstein", "autor": "Mary Shelley", "fecha_prestamo": "2025-11-17T16:31:07.845732", "fecha_devolucion": "2025-12-01T16:31:07.845774"}}
{"timestamp": 1763415068.9102263, "tipo": "prestamo", "libro_usuario": {"codigo": "LIB0059", "titulo": "De ratones y hombres", "autor": "John Steinbeck", "fecha_prestamo": "2025-11-17T16:31:07.867972", "fecha_devolucion": "2025-12-01T16:31:07.867979"}}
{"timestamp": 1763415068.9107852, "tipo": "prestamo", "libro_usuario": {"codigo": "LIB0059", "titulo": "De ratones y hombres", "autor": "John Steinbeck", "fecha_prestamo": "2025-11-17T16:31:07.867972", "fecha_devolucion": "2025-12-01T16:31:07.867979"}}
{"timestamp": 1763415068.911247, "tipo": "prestamo", "libro_usuario": {"codigo": "LIB0059", "titulo": "De ratones y hombres", "autor": "John Steinbeck", "fecha_prestamo": "2025-11-17T16:31:07.867972", "fecha_devolucion": "2025-12-01T16:31:07.867979"}}
{"timestamp": 1763415068.9118626, "tipo": "prestamo", "libro_usuario": {"codigo": "LIB0059", "titulo": "De ratones y hombres", "autor": "John Steinbeck", "fecha_prestamo": "2025-11-17T16:31:07.867972", "fecha_devolucion": "2025-12-01T16:31:07.867979"}}
{"timestamp": 1763415068.9277203, "tipo": "prestamo", "libro_usuario": {"codigo": "LIB0064", "titulo": "La naranja mec\u00e1nica", "autor": "Anthony Burgess", "fecha_prestamo": "2025-11-17T16:31:07.875928", "fecha_devolucion": "2025-12-01T16:31:07.875935"}}
{"timestamp": 1763415068.9288146, "tipo": "prestamo", "libro_usuario": {"codigo": "LIB0064", "titulo": "La naranja mec\u00e1nica", "autor": "Anthony Burgess", "fecha_prestamo": "2025-11-17T16:31:07.875928", "fecha_devolucion": "2025-12-01T16:31:07.875935"}}
{"timestamp": 1763415068.929292, "tipo": "prestamo", "libro_usuario": {"codigo": "LIB0064", "titulo": "La naranja mec\u00e1nica", "autor": "Anthony Burgess", "fecha_prestamo": "2025-11-17T16:31:07.875928", "fecha_devolucion": "2025-12-01T16:31:07.875935"}}
{"timestamp": 1763415068.9439619, "tipo": "prestamo", "libro_usuario": {"codigo": "LIB0076", "titulo": "Las intermitencias de la muerte", "autor": "Jos\u00e9 Saramago", "fecha_prestamo": "2025-11-17T16:31:07.897888", "fecha_devolucion": "2025-12-01T16:31:07.897895"}}
{"timestamp": 1763415068.9449918, "tipo": "prestamo", "libro_usuario": {"codigo": "LIB0076", "titulo": "Las intermitencias de la muerte", "autor": "Jos\u00e9 Saramago", "fecha_prestamo": "2025-11-17T16:31:07.897888", "fecha_devolucion": "2025-12-01T16:31:07.897895"}}
{"timestamp": 1763415068.952582, "tipo": "prestamo", "libro_usuario": {"codigo": "LIB0079", "titulo": "Ca\u00edn", "autor": "Jos\u00e9 Saramago", "fecha_prestamo": "2025-11-17T16:31:07.902810", "fecha_devolucion": "2025-12-01T16:31:07.902817"}}
{"timestamp": 1763415068.9694498, "tipo": "prestamo", "libro_usuario": {"codigo": "LIB0081", "titulo": "La peste", "autor": "Albert Camus", "fecha_prestamo": "2025-11-17T16:31:07.906578", "fecha_devolucion": "2025-12-01T16:31:07.906587"}}
{"timestamp": 1763415068.9701312, "tipo": "prestamo", "libro_usuario": {"codigo": "LIB0081", "titulo": "La peste", "autor": "Albert Camus", "fecha_prestamo": "2025-11-17T16:31:07.906578", "fecha_devolucion": "2025-12-01T16:31:07.906587"}}
{"timestamp": 1763415068.9786997, "tipo": "prestamo", "libro_usuario": {"codigo": "LIB0086", "titulo": "El verano", "autor": "Albert Camus", "fecha_prestamo": "2025-11-17T16:31:07.914889", "fecha_devolucion": "2025-12-01T16:31:07.914894"}}
{"timestamp": 1763415068.9787877, "tipo": "prestamo", "libro_usuario": {"codigo": "LIB0086", "titulo": "El verano", "autor": "Albert Camus", "fecha_prestamo": "2025-11-17T16:31:07.914889", "fecha_devolucion": "2025-12-01T16:31:07.914894"}}
{"timestamp": 1763415068.9905088, "tipo": "prestamo", "libro_usuario": {"codigo": "LIB0091", "titulo": "Los hermanos Karam\u00e1zov", "autor": "Fi\u00f3dor Dostoyevski", "fecha_prestamo": "2025-11-17T16:31:07.922374", "fecha_devolucion": "2025-12-01T16:31:07.922379"}}
{"timestamp": 1763415068.9917405, "tipo": "prestamo", "libro_usuario": {"codigo": "LIB0091", "titulo": "Los hermanos Karam\u00e1zov", "autor": "Fi\u00f3dor Dostoyevski", "fecha_prestamo": "2025-11-17T16:31:07.922374", "fecha_devolucion": "2025-12-01T16:31:07.922379"}}
{"timestamp": 1763415068.993163, "tipo": "prestamo", "libro_usuario": {"codigo": "LIB0091", "titulo": "Los hermanos Karam\u00e1zov", "autor": "Fi\u00f3dor Dostoyevski", "fecha_prestamo": "2025-11-17T16:31:07.922374", "fecha_devolucion": "2025-12-01T16:31:07.922379"}}
{"timestamp": 1763415069.0068936, "tipo": "prestamo", "libro_usuario": {"codigo": "LIB0101", "titulo": "La muerte de Iv\u00e1n Ilich", "autor": "Le\u00f3n Tolst\u00f3i", "fecha_prestamo": "2025-11-17T16:31:07.941118", "fecha_devolucion": "2025-12-01T16:31:07.941123"}}
{"timestamp": 1763415069.019602, "tipo": "prestamo", "libro_usuario": {"codigo": "LIB0106", "titulo": "Infancia", "autor": "Le\u00f3n Tolst\u00f3i", "fecha_prestamo": "2025-11-17T16:31:07.951091", "fecha_devolucion": "2025-12-01T16:31:07.951096"}}
{"timestamp": 1763415069.0201569, "tipo": "prestamo", "libro_usuario": {"codigo": "LIB0106", "titulo": "Infancia", "autor": "Le\u00f3n Tolst\u00f3i", "fecha_prestamo": "2025-11-17T16:31:07.951091", "fecha_devolucion": "2025-12-01T16:31:07.951096"}}
{"timestamp": 1763415069.0383358, "tipo": "prestamo", "libro_usuario": {"codigo": "LIB0111", "titulo": "Retrato del artista adolescente", "autor": "James Joyce", "fecha_prestamo": "2025-11-17T16:31:07.959191", "fecha_devolucion": "2025-12-01T16:31:07.959201"}}
{"timestamp": 1763415069.0392034, "tipo": "prestamo", "libro_usuario": {"codigo": "LIB0111", "titulo": "Retrato del artista adolescente", "autor": "James Joyce", "fecha_prestamo": "2025-11-17T16:31:07.959191", "fecha_devolucion": "2025-12-01T16:31:07.959201"}}
{"timestamp": 1763415069.040789, "tipo": "prestamo", "libro_usuario": {"codigo": "LIB0111", "titulo": "Retrato del artista adolescente", "autor": "James Joyce", "fecha_prestamo": "2025-11-17T16:31:07.959191", "fecha_devolucion": "2025-12-01T16:31:07.959201"}}
