{"timestamp": "2025-11-17T13:06:28.563661", "libro_usuario": {"codigo": "ISBN-003", "titulo": "Introducci\u00f3n a los Algoritmos", "autor": "Thomas Cormen", "fecha_prestamo": "SedeA", "fecha_devolucion": "2025-12-08T13:06:16.546096"}, "nueva_fecha": "2025-12-08T13:06:16.546096"}
{"timestamp": "2025-11-17T13:06:30.568688", "libro_usuario": {"codigo": "ISBN-006", "titulo": "Arquitectura de Computadoras", "autor": "David Patterson", "fecha_prestamo": "SedeB", "fecha_devolucion": "2025-12-08T13:06:16.548427"}, "nueva_fecha": "2025-12-08T13:06:16.548427"}
{"timestamp": "2025-11-17T13:06:32.575882", "libro_usuario": {"codigo": "ISBN-009", "titulo": "C\u00f3digo Limpio", "autor": "Robert Martin", "fecha_prestamo": "SedeA", "fecha_devolucion": "2025-12-08T13:06:16.551354"}, "nueva_fecha": "2025-12-08T13:06:16.551354"}
{"timestamp": "2025-11-17T13:06:34.593768", "libro_usuario": {"codigo": "ISBN-012", "titulo": "Inteligencia Artificial", "autor": "Stuart Russell", "fecha_prestamo": "SedeB", "fecha_devolucion": "2025-12-08T13:06:16.556719"}, "nueva_fecha": "2025-12-08T13:06:16.556719"}
{"timestamp": "2025-11-17T13:06:36.598951", "libro_usuario": {"codigo": "ISBN-015", "titulo": "Seguridad Inform\u00e1tica", "autor": "William Stallings", "fecha_prestamo": "SedeA", "fecha_devolucion": "2025-12-08T13:06:16.559927"}, "nueva_fecha": "2025-12-08T13:06:16.559927"}
{"timestamp": "2025-11-17T13:06:38.603317", "libro_usuario": {"codigo": "ISBN-018", "titulo": "Java como Programar", "autor": "Paul Deitel", "fecha_prestamo": "SedeB", "fecha_devolucion": "2025-12-08T13:06:16.561183"}, "nueva_fecha": "2025-12-08T13:06:16.561183"}
{"timestamp": "2025-11-17T13:06:40.610063", "libro_usuario": {"codigo": "ISBN-021", "titulo": "Patrones de Dise\u00f1o en Java", "autor": "Steven John Metsker", "fecha_prestamo": "SedeA", "fecha_devolucion": "2025-12-08T13:06:16.562588"}, "nueva_fecha": "2025-12-08T13:06:16.562588"}
{"timestamp": "2025-11-17T13:06:42.614987", "libro_usuario": {"codigo": "ISBN-024", "titulo": "The Lean Startup", "autor": "Eric Ries", "fecha_prestamo": "SedeB", "fecha_devolucion": "2025-12-08T13:06:16.564335"}, "nueva_fecha": "2025-12-08T13:06:16.564335"}
{"timestamp": "2025-11-17T13:06:44.622011", "libro_usuario": {"codigo": "ISBN-027", "titulo": "\u00c1lgebra Lineal", "autor": "Gilbert Strang", "fecha_prestamo": "SedeA", "fecha_devolucion": "2025-12-08T13:06:16.566110"}, "nueva_fecha": "2025-12-08T13:06:16.566110"}
{"timestamp": "2025-11-17T13:06:46.628879", "libro_usuario": {"codigo": "ISBN-030", "titulo": "Ecuaciones Diferenciales", "autor": "William Boyce", "fecha_prestamo": "SedeB", "fecha_devolucion": "2025-12-08T13:06:16.568382"}, "nueva_fecha": "2025-12-08T13:06:16.568382"}
{"timestamp": "2025-11-17T13:06:48.635080", "libro_usuario": {"codigo": "ISBN-033", "titulo": "Biolog\u00eda Molecular", "autor": "James Watson", "fecha_prestamo": "SedeA", "fecha_devolucion": "2025-12-08T13:06:16.571976"}, "nueva_fecha": "2025-12-08T13:06:16.571976"}
{"timestamp": "2025-11-17T13:06:50.640576", "libro_usuario": {"codigo": "ISBN-036", "titulo": "Fisiolog\u00eda M\u00e9dica", "autor": "Arthur Guyton", "fecha_prestamo": "SedeB", "fecha_devolucion": "2025-12-08T13:06:16.576179"}, "nueva_fecha": "2025-12-08T13:06:16.576179"}
{"timestamp": "2025-11-17T13:06:52.644680", "libro_usuario": {"codigo": "ISBN-039", "titulo": "Farmacolog\u00eda B\u00e1sica", "autor": "Bertram Katzung", "fecha_prestamo": "SedeA", "fecha_devolucion": "2025-12-08T13:06:16.580448"}, "nueva_fecha": "2025-12-08T13:06:16.580448"}
{"timestamp": "2025-11-17T13:06:54.648560", "libro_usuario": {"codigo": "ISBN-042", "titulo": "Antropolog\u00eda Cultural", "autor": "Conrad Kottak", "fecha_prestamo": "SedeB", "fecha_devolucion": "2025-12-08T13:06:16.584068"}, "nueva_fecha": "2025-12-08T13:06:16.584068"}
{"timestamp": "2025-11-17T13:06:56.652183", "libro_usuario": {"codigo": "ISBN-045", "titulo": "\u00c9tica para Ingenieros", "autor": "Charles Harris", "fecha_prestamo": "SedeA", "fecha_devolucion": "2025-12-08T13:06:16.587804"}, "nueva_fecha": "2025-12-08T13:06:16.587804"}
{"timestamp": "2025-11-17T13:06:58.660745", "libro_usuario": {"codigo": "ISBN-048", "titulo": "Marketing Digital", "autor": "Philip Kotler", "fecha_prestamo": "SedeB", "fecha_devolucion": "2025-12-08T13:06:16.593777"}, "nueva_fecha": "2025-12-08T13:06:16.593777"}
{"timestamp": "2025-11-17T13:31:38.991452", "libro_usuario": {"codigo": "ISBN-003", "titulo": "Introducci\u00f3n a los Algoritmos", "autor": "Thomas Cormen", "fecha_prestamo": "SedeA", "fecha_devolucion": "2025-12-08T13:31:36.984133"}, "nueva_fecha": "2025-12-08T13:31:36.984133"}
{"timestamp": "2025-11-17T13:31:40.996791", "libro_usuario": {"codigo": "ISBN-006", "titulo": "Arquitectura de Computadoras", "autor": "David Patterson", "fecha_prestamo": "SedeB", "fecha_devolucion": "2025-12-08T13:31:36.991873"}, "nueva_fecha": "2025-12-08T13:31:36.991873"}
{"timestamp": "2025-11-17T13:31:43.000999", "libro_usuario": {"codigo": "ISBN-009", "titulo": "C\u00f3digo Limpio", "autor": "Robert Martin", "fecha_prestamo": "SedeA", "fecha_devolucion": "2025-12-08T13:31:36.995626"}, "nueva_fecha": "2025-12-08T13:31:36.995626"}
{"timestamp": "2025-11-17T13:31:45.006244", "libro_usuario": {"codigo": "ISBN-012", "titulo": "Inteligencia Artificial", "autor": "Stuart Russell", "fecha_prestamo": "SedeB", "fecha_devolucion": "2025-12-08T13:31:36.997301"}, "nueva_fecha": "2025-12-08T13:31:36.997301"}
{"timestamp": "2025-11-17T13:31:47.013487", "libro_usuario": {"codigo": "ISBN-015", "titulo": "Seguridad Inform\u00e1tica", "autor": "William Stallings", "fecha_prestamo": "SedeA", "fecha_devolucion": "2025-12-08T13:31:36.998633"}, "nueva_fecha": "2025-12-08T13:31:36.998633"}
{"timestamp": "2025-11-17T13:31:49.020102", "libro_usuario": {"codigo": "ISBN-018", "titulo": "Java como Programar", "autor": "Paul Deitel", "fecha_prestamo": "SedeB", "fecha_devolucion": "2025-12-08T13:31:37.000317"}, "nueva_fecha": "2025-12-08T13:31:37.000317"}
{"timestamp": "2025-11-17T13:31:51.024787", "libro_usuario": {"codigo": "ISBN-021", "titulo": "Patrones de Dise\u00f1o en Java", "autor": "Steven John Metsker", "fecha_prestamo": "SedeA", "fecha_devolucion": "2025-12-08T13:31:37.001676"}, "nueva_fecha": "2025-12-08T13:31:37.001676"}
{"timestamp": "2025-11-17T13:31:53.027883", "libro_usuario": {"codigo": "ISBN-024", "titulo": "The Lean Startup", "autor": "Eric Ries", "fecha_prestamo": "SedeB", "fecha_devolucion": "2025-12-08T13:31:37.004028"}, "nueva_fecha": "2025-12-08T13:31:37.004028"}
{"timestamp": "2025-11-17T13:31:55.032258", "libro_usuario": {"codigo": "ISBN-027", "titulo": "\u00c1lgebra Lineal", "autor": "Gilbert Strang", "fecha_prestamo": "SedeA", "fecha_devolucion": "2025-12-08T13:31:37.007194"}, "nueva_fecha": "2025-12-08T13:31:37.007194"}
{"timestamp": "2025-11-17T13:31:57.040271", "libro_usuario": {"codigo": "ISBN-030", "titulo": "Ecuaciones Diferenciales", "autor": "William Boyce", "fecha_prestamo": "SedeB", "fecha_devolucion": "2025-12-08T13:31:37.008533"}, "nueva_fecha": "2025-12-08T13:31:37.008533"}
{"timestamp": "2025-11-17T13:31:59.045422", "libro_usuario": {"codigo": "ISBN-033", "titulo": "Biolog\u00eda Molecular", "autor": "James Watson", "fecha_prestamo": "SedeA", "fecha_devolucion": "2025-12-08T13:31:37.011025"}, "nueva_fecha": "2025-12-08T13:31:37.011025"}
{"timestamp": "2025-11-17T13:32:01.053047", "libro_usuario": {"codigo": "ISBN-036", "titulo": "Fisiolog\u00eda M\u00e9dica", "autor": "Arthur Guyton", "fecha_prestamo": "SedeB", "fecha_devolucion": "2025-12-08T13:31:37.012531"}, "nueva_fecha": "2025-12-08T13:31:37.012531"}
{"timestamp": "2025-11-17T13:32:03.059316", "libro_usuario": {"codigo": "ISBN-039", "titulo": "Farmacolog\u00eda B\u00e1sica", "autor": "Bertram Katzung", "fecha_prestamo": "SedeA", "fecha_devolucion": "2025-12-08T13:31:37.014081"}, "nueva_fecha": "2025-12-08T13:31:37.014081"}
{"timestamp": "2025-11-17T13:32:05.064328", "libro_usuario": {"codigo": "ISBN-042", "titulo": "Antropolog\u00eda Cultural", "autor": "Conrad Kottak", "fecha_prestamo": "SedeB", "fecha_devolucion": "2025-12-08T13:31:37.015709"}, "nueva_fecha": "2025-12-08T13:31:37.015709"}
{"timestamp": "2025-11-17T13:32:07.071909", "libro_usuario": {"codigo": "ISBN-045", "titulo": "\u00c9tica para Ingenieros", "autor": "Charles Harris", "fecha_prestamo": "SedeA", "fecha_devolucion": "2025-12-08T13:31:37.017284"}, "nueva_fecha": "2025-12-08T13:31:37.017284"}
{"timestamp": "2025-11-17T13:32:09.078305", "libro_usuario": {"codigo": "ISBN-048", "titulo": "Marketing Digital", "autor": "Philip Kotler", "fecha_prestamo": "SedeB", "fecha_devolucion": "2025-12-08T13:31:37.018687"}, "nueva_fecha": "2025-12-08T13:31:37.018687"}
